[05:25:35] [ServerMain/INFO]: Environment: authHost='https://authserver.mojang.com', accountsHost='https://api.mojang.com', sessionHost='https://sessionserver.mojang.com', servicesHost='https://api.minecraftservices.com', name='PROD'
[05:25:38] [ServerMain/INFO]: Loaded 7 recipes
[05:25:38] [ServerMain/INFO]: Loaded 1271 advancements
[05:25:38] [Server thread/INFO]: Starting minecraft server version 1.20.1
[05:25:38] [Server thread/INFO]: Loading properties
[05:25:38] [Server thread/INFO]: Default game type: SURVIVAL
[05:25:38] [Server thread/INFO]: Generating keypair
[05:25:39] [Server thread/INFO]: Starting Minecraft server on *:25565
[05:25:39] [Server thread/INFO]: Using epoll channel type
[05:25:39] [Server thread/WARN]: **** SERVER IS RUNNING IN OFFLINE/INSECURE MODE!
[05:25:39] [Server thread/WARN]: The server will make no attempt to authenticate usernames. Beware.
[05:25:39] [Server thread/WARN]: While this makes the game possible to play without internet access, it also opens up the ability for hackers to connect with any username they choose.
[05:25:39] [Server thread/WARN]: To change this, set "online-mode" to "true" in the server.properties file.
[05:25:39] [Server thread/INFO]: Preparing level "world"
[05:25:45] [Server thread/INFO]: Preparing start region for dimension minecraft:overworld
[05:25:51] [Worker-Main-1/INFO]: Preparing spawn area: 0%
[05:25:51] [Worker-Main-1/INFO]: Preparing spawn area: 0%
[05:25:51] [Worker-Main-1/INFO]: Preparing spawn area: 0%
[05:25:51] [Worker-Main-1/INFO]: Preparing spawn area: 0%
[05:25:51] [Worker-Main-1/INFO]: Preparing spawn area: 0%
[05:25:51] [Worker-Main-1/INFO]: Preparing spawn area: 0%
[05:25:51] [Worker-Main-1/INFO]: Preparing spawn area: 0%
[05:25:51] [Worker-Main-1/INFO]: Preparing spawn area: 0%
[05:25:51] [Worker-Main-1/INFO]: Preparing spawn area: 0%
[05:25:51] [Worker-Main-1/INFO]: Preparing spawn area: 0%
[05:25:51] [Worker-Main-1/INFO]: Preparing spawn area: 0%
[05:25:51] [Worker-Main-1/INFO]: Preparing spawn area: 0%
[05:25:51] [Worker-Main-1/INFO]: Preparing spawn area: 0%
[05:25:52] [Worker-Main-1/INFO]: Preparing spawn area: 0%
[05:25:53] [Server thread/INFO]: Time elapsed: 7245 ms
[05:25:53] [Server thread/INFO]: Done (13.918s)! For help, type "help"
[05:26:16] [Server thread/INFO]: MisaelS[/127.238.251.152:47585] logged in with entity id 147 at (7.5, 77.0, -51.5)
[05:26:16] [Server thread/INFO]: MisaelS joined the game
[05:26:44] [Server thread/INFO]: 4zteck4[/127.191.43.166:54055] logged in with entity id 372 at (18.5, 80.0, -48.5)
[05:26:44] [Server thread/INFO]: 4zteck4 joined the game
[05:28:00] [Server thread/INFO]: MisaelS has made the advancement [Stone Age]
[05:28:40] [Server thread/INFO]: MisaelS has made the advancement [Getting an Upgrade]
[05:28:44] [Server thread/INFO]: [Not Secure] <MisaelS> alo?
[05:31:15] [Server thread/INFO]: 4zteck4 has made the advancement [Stone Age]
[05:31:17] [Server thread/INFO]: MisaelS has made the advancement [Acquire Hardware]
[05:31:39] [Server thread/INFO]: 4zteck4 has made the advancement [Getting an Upgrade]
[05:35:07] [Server thread/INFO]: MisaelS has made the advancement [Monster Hunter]
[05:35:11] [Server thread/INFO]: MisaelS has made the advancement [Not Today, Thank You]
[05:36:19] [Server thread/INFO]: MisaelS has made the advancement [Isn't It Iron Pick]
[05:37:01] [Server thread/INFO]: 4zteck4 has made the advancement [Acquire Hardware]
[05:37:12] [Server thread/INFO]: 4zteck4 has made the advancement [Isn't It Iron Pick]
[05:39:07] [Server thread/INFO]: Sprt_2D[/127.240.192.190:36791] logged in with entity id 5972 at (8.5, 78.0, -46.5)
[05:39:07] [Server thread/INFO]: Sprt_2D joined the game
[05:40:18] [Server thread/INFO]: 4zteck4 has made the advancement [Diamonds!]
[05:40:21] [Server thread/INFO]: [Not Secure] <MisaelS> q
[05:40:29] [Server thread/INFO]: Sprt_2D has made the advancement [Stone Age]
[05:40:42] [Server thread/INFO]: 4zteck4 has made the advancement [Monster Hunter]
[05:40:52] [Server thread/INFO]: Sprt_2D has made the advancement [Getting an Upgrade]
[05:43:19] [Server thread/INFO]: MisaelS has made the advancement [Diamonds!]
[05:43:27] [Server thread/INFO]: Sprt_2D was killed by Witch using magic
[05:46:44] [Server thread/INFO]: [Not Secure] <MisaelS> casi muero chat
[05:59:09] [Server thread/INFO]: MisaelS has made the advancement [Suit Up]
[06:01:32] [Server thread/INFO]: MisaelS has made the advancement [Hot Stuff]
[06:01:49] [Server thread/INFO]: Sprt_2D has made the advancement [Acquire Hardware]
[06:02:32] [Server thread/INFO]: Sprt_2D has made the advancement [Suit Up]
[06:05:08] [Server thread/INFO]: 4zteck4 has made the advancement [Cover Me with Diamonds]
[06:05:13] [Server thread/INFO]: Sprt_2D has made the advancement [Isn't It Iron Pick]
[06:05:41] [Server thread/INFO]: Sprt_2D has made the advancement [Monster Hunter]
[06:05:51] [Server thread/INFO]: Sprt_2D has made the advancement [Not Today, Thank You]
[06:07:58] [Server thread/INFO]: Sprt_2D has made the advancement [Diamonds!]
[06:15:24] [Server thread/INFO]: MisaelS has made the advancement [We Need to Go Deeper]
[06:15:27] [Server thread/WARN]: Boat (vehicle of 4zteck4) moved too quickly! 10.12416423637319,0.0,-1.5733731447213017
[06:15:27] [Server thread/WARN]: Boat (vehicle of 4zteck4) moved too quickly! 10.495518482249054,0.0,-1.7095384745815636
[06:15:27] [Server thread/WARN]: Boat (vehicle of 4zteck4) moved too quickly! 10.864282682756311,0.0,-1.852251990786101
[06:15:27] [Server thread/WARN]: Boat (vehicle of 4zteck4) moved too quickly! 11.230455914088225,0.0,-2.0012977193294432
[06:15:27] [Server thread/WARN]: Boat (vehicle of 4zteck4) moved too quickly! 11.594057971751226,0.0,-2.1564355146952607
[06:15:27] [Server thread/WARN]: Boat (vehicle of 4zteck4) moved too quickly! 11.955128788749107,0.0,-2.3174043245114717
[06:15:27] [Server thread/WARN]: Boat (vehicle of 4zteck4) moved too quickly! 12.313719451814677,0.0,-2.483937942738521
[06:15:27] [Server thread/WARN]: Boat (vehicle of 4zteck4) moved too quickly! 12.669896130079678,0.0,-2.655759614863257
[06:15:27] [Server thread/WARN]: Boat (vehicle of 4zteck4) moved too quickly! 13.023733079481872,0.0,-2.832593219948137
[06:15:27] [Server thread/WARN]: Boat (vehicle of 4zteck4) moved too quickly! 13.375314575898074,0.0,-3.014160394679436
[06:15:27] [Server thread/WARN]: Boat (vehicle of 4zteck4) moved too quickly! 13.724727993663464,0.0,-3.2001906314870325
[06:15:27] [Server thread/WARN]: Boat (vehicle of 4zteck4) moved too quickly! 14.072066036373599,0.0,-3.390417570479485
[06:15:27] [Server thread/WARN]: Boat (vehicle of 4zteck4) moved too quickly! 14.417422165744256,0.0,-3.584585107659393
[06:15:27] [Server thread/WARN]: Boat (vehicle of 4zteck4) moved too quickly! 14.760892980764766,0.0,-3.782443402139961
[06:15:27] [Server thread/WARN]: Boat (vehicle of 4zteck4) moved too quickly! 15.102573705569057,0.0,-3.9837546647838735
[06:15:27] [Server thread/WARN]: Boat (vehicle of 4zteck4) moved too quickly! 15.44255846848182,0.0,-4.1882920536107235
[06:15:27] [Server thread/WARN]: Boat (vehicle of 4zteck4) moved too quickly! 15.780940553161145,0.0,-4.395838683389286
[06:15:27] [Server thread/WARN]: Boat (vehicle of 4zteck4) moved too quickly! 16.11781260972407,0.0,-4.606186708193377
[06:15:27] [Server thread/WARN]: Boat (vehicle of 4zteck4) moved too quickly! 16.453262288731594,0.0,-4.819142688997431
[06:15:27] [Server thread/WARN]: Boat (vehicle of 4zteck4) moved too quickly! 16.787377341877345,0.0,-5.034520006257026
[06:15:27] [Server thread/WARN]: Boat (vehicle of 4zteck4) moved too quickly! 17.120238854197623,0.0,-5.252147496774342
[06:15:27] [Server thread/WARN]: Boat (vehicle of 4zteck4) moved too quickly! 17.45192650774584,0.0,-5.471861759471551
[06:15:27] [Server thread/WARN]: Boat (vehicle of 4zteck4) moved too quickly! 17.782516482991014,0.0,-5.693509500971743
[06:15:27] [Server thread/WARN]: Boat (vehicle of 4zteck4) moved too quickly! 18.112081842504494,0.0,-5.916946541592495
[06:15:27] [Server thread/WARN]: Boat (vehicle of 4zteck4) moved too quickly! 18.440692865101028,0.0,-6.142036926328046
[06:15:27] [Server thread/WARN]: Boat (vehicle of 4zteck4) moved too quickly! 18.768415051787315,0.0,-6.368655188784203
[06:15:27] [Server thread/WARN]: Boat (vehicle of 4zteck4) moved too quickly! 19.095309610994036,0.0,-6.5966853079051475
[06:15:27] [Server thread/WARN]: Boat (vehicle of 4zteck4) moved too quickly! 19.421433899009116,0.0,-6.826019774614963
[06:15:27] [Server thread/WARN]: Boat (vehicle of 4zteck4) moved too quickly! 19.74684412977308,0.0,-7.056555687744321
[06:15:27] [Server thread/WARN]: Boat (vehicle of 4zteck4) moved too quickly! 20.071590873479636,0.0,-7.288200417616736
[06:15:27] [Server thread/WARN]: Boat (vehicle of 4zteck4) moved too quickly! 20.39572193808044,0.0,-7.520867526023778
[06:15:27] [Server thread/WARN]: Boat (vehicle of 4zteck4) moved too quickly! 20.719282652960146,0.0,-7.754476148940682
[06:15:27] [Server thread/WARN]: Boat (vehicle of 4zteck4) moved too quickly! 21.0423161167937,0.0,-7.988950450283767
[06:15:27] [Server thread/WARN]: Boat (vehicle of 4zteck4) moved too quickly! 21.364861114661835,0.0,-8.224222164541004
[06:15:27] [Server thread/WARN]: Boat (vehicle of 4zteck4) moved too quickly! 21.686954870267073,0.0,-8.46022679987783
[06:15:27] [Server thread/WARN]: Boat (vehicle of 4zteck4) moved too quickly! 22.008633202071223,0.0,-8.69690325890656
[06:15:27] [Server thread/WARN]: Boat (vehicle of 4zteck4) moved too quickly! 22.329928339238677,0.0,-8.934196550254512
[06:15:27] [Server thread/WARN]: Boat (vehicle of 4zteck4) moved too quickly! 22.650869284291048,0.0,-9.172057177962301
[06:15:27] [Server thread/WARN]: Boat (vehicle of 4zteck4) moved too quickly! 22.97148447152904,0.0,-9.410437548380116
[06:15:27] [Server thread/WARN]: Boat (vehicle of 4zteck4) moved too quickly! 23.29179948064666,0.0,-9.64929482349902
[06:15:27] [Server thread/WARN]: Boat (vehicle of 4zteck4) moved too quickly! 23.61140809051858,0.0,-9.889140797423693
[06:15:27] [Server thread/WARN]: Boat (vehicle of 4zteck4) moved too quickly! 23.929531265699097,0.0,-10.13091061790226
[06:15:27] [Server thread/WARN]: Boat (vehicle of 4zteck4) moved too quickly! 24.24505414915302,0.0,-10.375828477259688
[06:15:27] [Server thread/WARN]: Boat (vehicle of 4zteck4) moved too quickly! 24.55653962471274,0.0,-10.62528781643789
[06:15:27] [Server thread/WARN]: Boat (vehicle of 4zteck4) moved too quickly! 24.862243382448696,0.0,-10.880728929711097
[06:15:27] [Server thread/WARN]: Boat (vehicle of 4zteck4) moved too quickly! 25.160126045130255,0.0,-11.143526836391345
[06:15:27] [Server thread/WARN]: Boat (vehicle of 4zteck4) moved too quickly! 25.447879610910377,0.0,-11.414880511973195
[06:15:27] [Server thread/WARN]: Boat (vehicle of 4zteck4) moved too quickly! 25.723595145819445,0.0,-11.695428712510534
[06:15:27] [Server thread/WARN]: Boat (vehicle of 4zteck4) moved too quickly! 25.985747735830046,0.0,-11.985388854480732
[06:15:27] [Server thread/WARN]: Boat (vehicle of 4zteck4) moved too quickly! 26.233175284518666,0.0,-12.284667131574963
[06:15:27] [Server thread/WARN]: Boat (vehicle of 4zteck4) moved too quickly! 26.46571685901813,0.0,-12.592784103235488
[06:15:27] [Server thread/WARN]: Boat (vehicle of 4zteck4) moved too quickly! 26.684056195094854,0.0,-12.909051693602464
[06:15:27] [Server thread/WARN]: Boat (vehicle of 4zteck4) moved too quickly! 26.889568684923688,0.0,-13.232665226720258
[06:15:27] [Server thread/WARN]: Boat (vehicle of 4zteck4) moved too quickly! 27.084174709559647,0.0,-13.562737214774245
[06:15:27] [Server thread/WARN]: Boat (vehicle of 4zteck4) moved too quickly! 27.27021022165559,0.0,-13.89829102869004
[06:15:27] [Server thread/WARN]: Boat (vehicle of 4zteck4) moved too quickly! 27.450309549997883,0.0,-14.238230692988282
[06:15:27] [Server thread/WARN]: Boat (vehicle of 4zteck4) moved too quickly! 27.62729078918028,0.0,-14.58130094203517
[06:15:27] [Server thread/WARN]: Boat (vehicle of 4zteck4) moved too quickly! 27.8040530386736,0.0,-14.926043034052213
[06:15:27] [Server thread/WARN]: Boat (vehicle of 4zteck4) moved too quickly! 27.983479058351122,0.0,-15.270753389301774
[06:15:27] [Server thread/WARN]: Boat (vehicle of 4zteck4) moved too quickly! 28.168332180812968,0.0,-15.613455860219972
[06:15:27] [Server thread/WARN]: Boat (vehicle of 4zteck4) moved too quickly! 28.36115924839646,0.0,-15.951886532934964
[06:15:27] [Server thread/WARN]: Boat (vehicle of 4zteck4) moved too quickly! 28.564202181742075,0.0,-16.283489568612993
[06:15:27] [Server thread/WARN]: Boat (vehicle of 4zteck4) moved too quickly! 28.779302849593932,0.0,-16.605441839931586
[06:15:27] [Server thread/WARN]: Boat (vehicle of 4zteck4) moved too quickly! 29.00782472152582,0.0,-16.91468748863224
[06:15:27] [Server thread/WARN]: Boat (vehicle of 4zteck4) moved too quickly! 29.250581722097422,0.0,-17.207992907359426
[06:15:27] [Server thread/WARN]: Boat (vehicle of 4zteck4) moved too quickly! 29.50759764691429,0.0,-17.48269541187443
[06:15:27] [Server thread/WARN]: Boat (vehicle of 4zteck4) moved too quickly! 29.778332872125475,0.0,-17.736709450259696
[06:15:27] [Server thread/WARN]: Boat (vehicle of 4zteck4) moved too quickly! 30.06186890224899,0.0,-17.968490261896306
[06:15:27] [Server thread/WARN]: Can't keep up! Is the server overloaded? Running 7212ms or 144 ticks behind
[06:15:28] [Server thread/WARN]: Boat (vehicle of 4zteck4) moved too quickly! 20.606804975930572,0.0,-16.73305274236884
[06:15:28] [Server thread/WARN]: Boat (vehicle of 4zteck4) moved too quickly! 20.912352301034844,0.0,-16.917652341313328
[06:15:28] [Server thread/WARN]: Boat (vehicle of 4zteck4) moved too quickly! 21.226937442999315,0.0,-17.07810110841524
[06:15:28] [Server thread/WARN]: Boat (vehicle of 4zteck4) moved too quickly! 21.549246081755655,0.0,-17.214460809864647
[06:15:28] [Server thread/WARN]: Boat (vehicle of 4zteck4) moved too quickly! 21.878016554285068,0.0,-17.327045547560544
[06:15:28] [Server thread/WARN]: Boat (vehicle of 4zteck4) moved too quickly! 22.21206760616019,0.0,-17.416375684862885
[06:15:28] [Server thread/WARN]: Boat (vehicle of 4zteck4) moved too quickly! 22.550311584838255,0.0,-17.48312403834956
[06:15:28] [Server thread/WARN]: Boat (vehicle of 4zteck4) moved too quickly! 22.891766540868275,0.0,-17.52808884753523
[06:15:28] [Server thread/WARN]: Boat (vehicle of 4zteck4) moved too quickly! 23.235555253926805,0.0,-17.552151422801614
[06:15:28] [Server thread/WARN]: Boat (vehicle of 4zteck4) moved too quickly! 23.580903648445656,0.0,-17.55624930685218
[06:15:28] [Server thread/WARN]: Boat (vehicle of 4zteck4) moved too quickly! 23.92713940865451,0.0,-17.54135944859945
[06:15:28] [Server thread/WARN]: Boat (vehicle of 4zteck4) moved too quickly! 24.273684726951615,0.0,-17.508476662409066
[06:15:28] [Server thread/WARN]: Boat (vehicle of 4zteck4) moved too quickly! 24.620049144138193,0.0,-17.458598320612964
[06:15:28] [Server thread/WARN]: Boat (vehicle of 4zteck4) moved too quickly! 24.965819242503812,0.0,-17.392707905738405
[06:15:28] [Server thread/WARN]: Boat (vehicle of 4zteck4) moved too quickly! 25.310655866509478,0.0,-17.311773862566042
[06:15:28] [Server thread/WARN]: Boat (vehicle of 4zteck4) moved too quickly! 25.654282513067074,0.0,-17.21673593252291
[06:15:28] [Server thread/WARN]: Boat (vehicle of 4zteck4) moved too quickly! 25.996477900277796,0.0,-17.108499848868803
[06:15:28] [Server thread/WARN]: Boat (vehicle of 4zteck4) moved too quickly! 26.337471986901846,0.0,-16.988511893434577
[06:15:28] [Server thread/WARN]: Boat (vehicle of 4zteck4) moved too quickly! 26.677849562210895,0.0,-16.858642277364083
[06:15:28] [Server thread/WARN]: Boat (vehicle of 4zteck4) moved too quickly! 27.018441207070964,0.0,-16.721103489201084
[06:15:28] [Server thread/WARN]: Boat (vehicle of 4zteck4) moved too quickly! 27.360217935582796,0.0,-16.5784052433101
[06:15:28] [Server thread/WARN]: Boat (vehicle of 4zteck4) moved too quickly! 27.703875919362872,0.0,-16.432666900822767
[06:15:28] [Server thread/WARN]: Boat (vehicle of 4zteck4) moved too quickly! 28.049899328529136,0.0,-16.285668725785456
[06:15:28] [Server thread/WARN]: Boat (vehicle of 4zteck4) moved too quickly! 28.398605489197735,0.0,-16.13888873692366
[06:15:28] [Server thread/WARN]: Boat (vehicle of 4zteck4) moved too quickly! 28.750182224621312,0.0,-15.9935388796074
[06:15:28] [Server thread/WARN]: Boat (vehicle of 4zteck4) moved too quickly! 29.104717271262416,0.0,-15.850596257209702
[06:15:28] [Server thread/WARN]: Boat (vehicle of 4zteck4) moved too quickly! 29.462223494109367,0.0,-15.710836581394688
[06:15:28] [Server thread/WARN]: Boat (vehicle of 4zteck4) moved too quickly! 29.822659121768993,0.0,-15.574865666909488
[06:15:28] [Server thread/WARN]: Boat (vehicle of 4zteck4) moved too quickly! 30.185942031593413,0.0,-15.443141355426974
[06:15:28] [Server thread/WARN]: Boat (vehicle of 4zteck4) moved too quickly! 30.551961347145834,0.0,-15.315993889616209
[06:15:28] [Server thread/WARN]: Boat (vehicle of 4zteck4) moved too quickly! 30.92058752574235,0.0,-15.193648514331699
[06:15:28] [Server thread/WARN]: Boat (vehicle of 4zteck4) moved too quickly! 31.291679500087866,0.0,-15.0762424770287
[06:15:28] [Server thread/WARN]: Boat (vehicle of 4zteck4) moved too quickly! 31.66509029736062,0.0,-14.963840613121704
[06:15:28] [Server thread/WARN]: Boat (vehicle of 4zteck4) moved too quickly! 32.04067017413854,0.0,-14.856442014426761
[06:15:28] [Server thread/WARN]: Boat (vehicle of 4zteck4) moved too quickly! 32.4182714047854,0.0,-14.75400132261052
[06:15:28] [Server thread/WARN]: Boat (vehicle of 4zteck4) moved too quickly! 32.797749122753885,0.0,-14.65642907452434
[06:15:28] [Server thread/WARN]: Boat (vehicle of 4zteck4) moved too quickly! 33.1789639925571,0.0,-14.563607268068552
[06:15:28] [Server thread/WARN]: Boat (vehicle of 4zteck4) moved too quickly! 33.56178271091926,0.0,-14.475392046587615
[06:15:28] [Server thread/WARN]: Boat (vehicle of 4zteck4) moved too quickly! 33.946078774461284,0.0,-14.391619955134274
[06:15:28] [Server thread/WARN]: Boat (vehicle of 4zteck4) moved too quickly! 34.33173335688298,0.0,-14.312117425385452
[06:15:28] [Server thread/WARN]: Boat (vehicle of 4zteck4) moved too quickly! 34.71863471634265,0.0,-14.236697899406977
[06:15:28] [Server thread/WARN]: Boat (vehicle of 4zteck4) moved too quickly! 35.106679085161204,0.0,-14.165174520319852
[06:15:28] [Server thread/WARN]: Boat (vehicle of 4zteck4) moved too quickly! 35.49576952967891,0.0,-14.097352484604187
[06:15:28] [Server thread/WARN]: Boat (vehicle of 4zteck4) moved too quickly! 35.88581629130795,0.0,-14.033037441012482
[06:15:28] [Server thread/WARN]: Boat (vehicle of 4zteck4) moved too quickly! 36.27673662036841,0.0,-13.972039243508505
[06:15:28] [Server thread/WARN]: Boat (vehicle of 4zteck4) moved too quickly! 36.66845397088878,0.0,-13.914167689273313
[06:15:28] [Server thread/WARN]: Boat (vehicle of 4zteck4) moved too quickly! 37.06089813274366,0.0,-13.859240156804844
[06:15:28] [Server thread/WARN]: Boat (vehicle of 4zteck4) moved too quickly! 37.45400444905749,0.0,-13.807077013298283
[06:15:28] [Server thread/WARN]: Boat (vehicle of 4zteck4) moved too quickly! 37.84771389417892,0.0,-13.75750895797637
[06:15:28] [Server thread/WARN]: Boat (vehicle of 4zteck4) moved too quickly! 38.24197208960027,0.0,-13.710368329689572
[06:15:28] [Server thread/WARN]: Boat (vehicle of 4zteck4) moved too quickly! 38.63672941666323,0.0,-13.665496591439876
[06:15:28] [Server thread/WARN]: Boat (vehicle of 4zteck4) moved too quickly! 39.03194058527674,0.0,-13.622743414240233
[06:15:28] [Server thread/WARN]: Boat (vehicle of 4zteck4) moved too quickly! 39.427564242039125,0.0,-13.58196585351925
[06:15:28] [Server thread/WARN]: Boat (vehicle of 4zteck4) moved too quickly! 39.82356262499752,0.0,-13.543027607885392
[06:15:28] [Server thread/WARN]: Boat (vehicle of 4zteck4) moved too quickly! 40.21990144664642,0.0,-13.505802182311925
[06:16:30] [Server thread/INFO]: 4zteck4 has made the advancement [Ice Bucket Challenge]
[06:21:08] [Server thread/INFO]: [Not Secure] <MisaelS> niños?
[06:21:09] [Server thread/INFO]: [Not Secure] <MisaelS> dsonde
[06:22:27] [Server thread/INFO]: [Not Secure] <MisaelS> voy a la fortaleza chat
[06:22:31] [Server thread/INFO]: [Not Secure] <MisaelS> si muero me voy a hacer tarea
[06:22:42] [Server thread/INFO]: [Not Secure] <MisaelS> nether
[06:23:14] [Server thread/INFO]: [Not Secure] <MisaelS> sin keep inventory?
[06:23:21] [Server thread/INFO]: Made MisaelS a server operator
[06:23:28] [Server thread/INFO]: [MisaelS: Made 4zteck4 a server operator]
[06:23:31] [Server thread/INFO]: [MisaelS: Made Sprt_2D a server operator]
[06:23:46] [Server thread/INFO]: 4zteck4 has made the advancement [We Need to Go Deeper]
[06:23:46] [Server thread/INFO]: [4zteck4: Teleported 4zteck4 to MisaelS]
[06:24:24] [Server thread/INFO]: 4zteck4 has made the advancement [A Terrible Fortress]
[06:24:41] [Server thread/INFO]: MisaelS has made the advancement [A Terrible Fortress]
[06:25:40] [Server thread/INFO]: 4zteck4 has made the advancement [Not Today, Thank You]
[06:25:47] [Server thread/INFO]: [Not Secure] <MisaelS> aca esta el generador
[06:26:04] [Server thread/INFO]: [Not Secure] <MisaelS> a no
[06:27:46] [Server thread/INFO]: MisaelS has made the advancement [Into Fire]
[06:27:57] [Server thread/INFO]: [Not Secure] <MisaelS> enmcotnre
[06:27:58] [Server thread/INFO]: [Not Secure] <MisaelS> su generador
[06:30:30] [Server thread/INFO]: [Not Secure] <MisaelS> niggersniggersniggersniggersniggersniggersniggersniggersniggers
[06:31:29] [Server thread/INFO]: [Not Secure] <MisaelS> CASI MUERO
[06:33:20] [Server thread/INFO]: [Not Secure] <MisaelS> estas afuera?
[06:33:22] [Server thread/INFO]: [Not Secure] <MisaelS> me voy a tepear
[06:33:37] [Server thread/INFO]: [Not Secure] <MisaelS> q
[06:34:02] [Server thread/INFO]: [MisaelS: Teleported MisaelS to 4zteck4]
[06:35:31] [Server thread/INFO]: [Not Secure] <MisaelS> donde estas
[06:35:39] [Server thread/INFO]: [Not Secure] <MisaelS> si
[06:35:55] [Server thread/INFO]: [Not Secure] <MisaelS> avisas si encuentras un bioma azul p
[06:36:06] [Server thread/INFO]: [Not Secure] <MisaelS> si
[06:36:16] [Server thread/INFO]: [Not Secure] <MisaelS> si
[06:36:43] [Server thread/INFO]: [MisaelS: Teleported MisaelS to 4zteck4]
[06:38:18] [Server thread/INFO]: [Not Secure] <MisaelS> ya casi se gasto todo
[06:38:19] [Server thread/INFO]: [Not Secure] <MisaelS> XD
[06:38:39] [Server thread/INFO]: [Not Secure] <MisaelS> tienes mesa?
[06:39:22] [Server thread/INFO]: [Not Secure] <MisaelS> me lo deje
[06:39:54] [Server thread/INFO]: [Not Secure] <MisaelS> trae ma
[06:39:58] [Server thread/INFO]: [Not Secure] <MisaelS> PQ ME PEGA
[06:40:11] [Server thread/INFO]: [Not Secure] <MisaelS> A LA MRD
[06:40:12] [Server thread/INFO]: [Not Secure] <MisaelS> casi me mata
[06:41:25] [Server thread/INFO]: [Not Secure] <MisaelS> aqui
[06:41:36] [Server thread/INFO]: [Not Secure] <MisaelS> trajiste la mesa?
[06:41:41] [Server thread/INFO]: [MisaelS: Teleported MisaelS to 4zteck4]
[06:41:48] [Server thread/INFO]: [Not Secure] <MisaelS> ponla
[06:41:51] [Server thread/INFO]: [Not Secure] <MisaelS> XDDD
[06:41:52] [Server thread/INFO]: [Not Secure] <MisaelS> SE MEUR EOSLO
[06:42:00] [Server thread/INFO]: [Not Secure] <MisaelS> asjdajsd ew muiro solol
[06:42:43] [Server thread/INFO]: [Not Secure] <MisaelS> ya encontre el bioma
[06:42:45] [Server thread/INFO]: [Not Secure] <MisaelS> toma
[06:43:17] [Server thread/INFO]: [Not Secure] <MisaelS> no
[06:43:33] [Server thread/INFO]: [MisaelS: Teleported MisaelS to Sprt_2D]
[06:43:51] [Server thread/INFO]: [Not Secure] <MisaelS> XD
[06:43:59] [Server thread/INFO]: [MisaelS: Teleported MisaelS to Sprt_2D]
[06:44:04] [Server thread/INFO]: [MisaelS: Teleported MisaelS to 4zteck4]
[06:45:01] [Server thread/INFO]: Sprt_2D has made the advancement [Cover Me with Diamonds]
[06:45:10] [Server thread/INFO]: 4zteck4 has made the advancement [Suit Up]
[06:45:33] [Server thread/INFO]: MisaelS has completed the challenge [Hot Tourist Destinations]
[06:45:37] [Server thread/INFO]: [Not Secure] <MisaelS> no
[06:45:39] [Server thread/INFO]: [Not Secure] <MisaelS> ni idea
[06:47:18] [Server thread/INFO]: [4zteck4: Teleported 4zteck4 to MisaelS]
[06:47:55] [Server thread/INFO]: [Not Secure] <MisaelS> diablo
[06:47:56] [Server thread/INFO]: [Not Secure] <MisaelS> y eso
[06:48:05] [Server thread/INFO]: [Not Secure] <MisaelS> una base de esas
[06:48:12] [Server thread/INFO]: [Not Secure] <MisaelS> nos violan che
[06:48:35] [Server thread/INFO]: 4zteck4 burned to death
[06:48:39] [Server thread/INFO]: [Not Secure] <MisaelS> te
[06:48:41] [Server thread/INFO]: [4zteck4: Teleported 4zteck4 to MisaelS]
[06:49:15] [Server thread/INFO]: [Not Secure] <MisaelS> no tengo
[06:49:21] [Server thread/INFO]: [4zteck4: Set own game mode to Creative Mode]
[06:49:34] [Server thread/INFO]: Sprt_2D has made the advancement [We Need to Go Deeper]
[06:49:34] [Server thread/INFO]: [Sprt_2D: Teleported Sprt_2D to MisaelS]
[06:49:51] [Server thread/INFO]: [4zteck4: Set own game mode to Survival Mode]
[06:50:03] [Server thread/INFO]: [Not Secure] <MisaelS> AJSDJASDJAS
[06:50:30] [Server thread/INFO]: [Not Secure] <MisaelS> cuantos ojos eran
[06:50:32] [Server thread/INFO]: [Not Secure] <MisaelS> ya tengo 7
[06:50:35] [Server thread/INFO]: [4zteck4: Set own game mode to Creative Mode]
[06:50:48] [Server thread/INFO]: [4zteck4: Set own game mode to Survival Mode]
[06:50:58] [Server thread/INFO]: [Not Secure] <MisaelS> alla
[06:51:39] [Server thread/INFO]: 4zteck4 has made the advancement [Enchanter]
[06:51:43] [Server thread/INFO]: MisaelS tried to swim in lava to escape Enderman
[06:51:48] [Server thread/INFO]: [Not Secure] <MisaelS> . . . .
[06:51:53] [Server thread/INFO]: [Not Secure] <MisaelS> se quemo todo
[06:51:53] [Server thread/INFO]: [Not Secure] <MisaelS> JASDJSADJSAJD
[06:52:02] [Server thread/INFO]: [MisaelS: Teleported MisaelS to 4zteck4]
[06:52:09] [Server thread/INFO]: [Not Secure] <MisaelS> MESIGUE
[06:52:23] [Server thread/INFO]: [Not Secure] <MisaelS> tu culpa tu culpa
[06:52:27] [Server thread/INFO]: MisaelS has made the advancement [Cover Me with Diamonds]
[06:52:27] [Server thread/INFO]: [Not Secure] <MisaelS> moviste mi barquito
[06:52:40] [Server thread/INFO]: [Not Secure] <MisaelS> si
[06:52:52] [Server thread/INFO]: [Not Secure] <MisaelS> ya ya toca hacer tarea
[06:53:09] [Server thread/INFO]: [MisaelS: Set own game mode to Spectator Mode]
[06:53:19] [Server thread/INFO]: [4zteck4: Set own game mode to Creative Mode]
[06:53:19] [Server thread/INFO]: MisaelS has made the advancement [Those Were the Days]
[06:53:27] [Server thread/INFO]: [Sprt_2D: Set MisaelS's game mode to Survival Mode]
[06:53:29] [Server thread/INFO]: [Not Secure] <MisaelS> ASAA
[06:53:29] [Server thread/INFO]: MisaelS was doomed to fall
[06:53:57] [Server thread/INFO]: [MisaelS: Set own game mode to Spectator Mode]
[06:53:59] [Server thread/INFO]: [MisaelS: Teleported MisaelS to Sprt_2D]
[06:54:20] [Server thread/INFO]: [Sprt_2D: Set MisaelS's game mode to Survival Mode]
[06:54:26] [Server thread/INFO]: [MisaelS: Set own game mode to Spectator Mode]
[06:54:35] [Server thread/INFO]: [Sprt_2D: Set MisaelS's game mode to Survival Mode]
[06:54:40] [Server thread/INFO]: [MisaelS: Set own game mode to Spectator Mode]
[06:54:50] [Server thread/INFO]: [Sprt_2D: Set MisaelS's game mode to Survival Mode]
[06:54:58] [Server thread/INFO]: [4zteck4: Set own game mode to Survival Mode]
[06:55:06] [Server thread/INFO]: [Sprt_2D: Teleported MisaelS to Sprt_2D]
[06:55:09] [Server thread/INFO]: [4zteck4: Teleported 4zteck4 to MisaelS]
[06:55:13] [Server thread/INFO]: [MisaelS: Set own game mode to Spectator Mode]
[06:55:16] [Server thread/INFO]: [Sprt_2D: Set MisaelS's game mode to Survival Mode]
[06:55:19] [Server thread/INFO]: MisaelS tried to swim in lava
[06:55:24] [Server thread/INFO]: [MisaelS: Teleported MisaelS to Sprt_2D]
[06:55:58] [Server thread/INFO]: [Not Secure] <MisaelS> ya recupero mis cosas del creativo
[06:56:02] [Server thread/INFO]: [MisaelS: Set own game mode to Creative Mode]
[06:56:04] [Server thread/INFO]: [Sprt_2D: Set MisaelS's game mode to Survival Mode]
[06:56:11] [Server thread/INFO]: [Not Secure] <MisaelS> q nomas tenia che
[06:56:14] [Server thread/INFO]: [MisaelS: Set own game mode to Creative Mode]
